{"/home/assuntosdev/cursos/node-tdd-udemy/seuBarriga/knexfile.js": {"path":"/home/assuntosdev/cursos/node-tdd-udemy/seuBarriga/knexfile.js","statementMap":{"0":{"start":{"line":1,"column":0},"end":{"line":14,"column":2}}},"fnMap":{},"branchMap":{},"s":{"0":5},"f":{},"b":{},"_coverageSchema":"1a1c01bbd47fc00a2c39e90264f33305004495a9","hash":"b4872479d49ceff7eb600f4d252334b4b2feba8c"}
,"/home/assuntosdev/cursos/node-tdd-udemy/seuBarriga/src/app.js": {"path":"/home/assuntosdev/cursos/node-tdd-udemy/seuBarriga/src/app.js","statementMap":{"0":{"start":{"line":1,"column":12},"end":{"line":1,"column":32}},"1":{"start":{"line":2,"column":16},"end":{"line":2,"column":34}},"2":{"start":{"line":3,"column":13},"end":{"line":3,"column":28}},"3":{"start":{"line":7,"column":17},"end":{"line":7,"column":39}},"4":{"start":{"line":9,"column":0},"end":{"line":9,"column":29}},"5":{"start":{"line":11,"column":0},"end":{"line":13,"column":3}},"6":{"start":{"line":12,"column":2},"end":{"line":12,"column":24}},"7":{"start":{"line":15,"column":0},"end":{"line":21,"column":13}},"8":{"start":{"line":23,"column":0},"end":{"line":29,"column":3}},"9":{"start":{"line":24,"column":35},"end":{"line":24,"column":38}},"10":{"start":{"line":25,"column":2},"end":{"line":25,"column":75}},"11":{"start":{"line":25,"column":34},"end":{"line":25,"column":75}},"12":{"start":{"line":26,"column":2},"end":{"line":27,"column":54}},"13":{"start":{"line":26,"column":39},"end":{"line":26,"column":80}},"14":{"start":{"line":27,"column":7},"end":{"line":27,"column":54}},"15":{"start":{"line":28,"column":2},"end":{"line":28,"column":12}},"16":{"start":{"line":31,"column":0},"end":{"line":31,"column":21}}},"fnMap":{"0":{"name":"(anonymous_0)","decl":{"start":{"line":11,"column":13},"end":{"line":11,"column":14}},"loc":{"start":{"line":11,"column":27},"end":{"line":13,"column":1}},"line":11},"1":{"name":"(anonymous_1)","decl":{"start":{"line":23,"column":8},"end":{"line":23,"column":9}},"loc":{"start":{"line":23,"column":33},"end":{"line":29,"column":1}},"line":23}},"branchMap":{"0":{"loc":{"start":{"line":25,"column":2},"end":{"line":25,"column":75}},"type":"if","locations":[{"start":{"line":25,"column":2},"end":{"line":25,"column":75}},{"start":{"line":25,"column":2},"end":{"line":25,"column":75}}],"line":25},"1":{"loc":{"start":{"line":26,"column":2},"end":{"line":27,"column":54}},"type":"if","locations":[{"start":{"line":26,"column":2},"end":{"line":27,"column":54}},{"start":{"line":26,"column":2},"end":{"line":27,"column":54}}],"line":26}},"s":{"0":5,"1":5,"2":5,"3":5,"4":5,"5":5,"6":1,"7":5,"8":5,"9":18,"10":18,"11":14,"12":18,"13":4,"14":14,"15":4,"16":5},"f":{"0":1,"1":18},"b":{"0":[14,4],"1":[4,14]},"_coverageSchema":"1a1c01bbd47fc00a2c39e90264f33305004495a9","hash":"7dd06f670978e78d805fd316e9baa58efb166a6f"}
,"/home/assuntosdev/cursos/node-tdd-udemy/seuBarriga/src/config/middlewares.js": {"path":"/home/assuntosdev/cursos/node-tdd-udemy/seuBarriga/src/config/middlewares.js","statementMap":{"0":{"start":{"line":1,"column":19},"end":{"line":1,"column":41}},"1":{"start":{"line":2,"column":19},"end":{"line":2,"column":41}},"2":{"start":{"line":4,"column":0},"end":{"line":7,"column":2}},"3":{"start":{"line":5,"column":2},"end":{"line":5,"column":29}},"4":{"start":{"line":6,"column":2},"end":{"line":6,"column":30}}},"fnMap":{"0":{"name":"(anonymous_0)","decl":{"start":{"line":4,"column":17},"end":{"line":4,"column":18}},"loc":{"start":{"line":4,"column":26},"end":{"line":7,"column":1}},"line":4}},"branchMap":{},"s":{"0":5,"1":5,"2":5,"3":5,"4":5},"f":{"0":5},"b":{},"_coverageSchema":"1a1c01bbd47fc00a2c39e90264f33305004495a9","hash":"82fd3a78a3c0ec7b81b012238dda293194ebf2ce"}
,"/home/assuntosdev/cursos/node-tdd-udemy/seuBarriga/src/config/passport.js": {"path":"/home/assuntosdev/cursos/node-tdd-udemy/seuBarriga/src/config/passport.js","statementMap":{"0":{"start":{"line":1,"column":17},"end":{"line":1,"column":36}},"1":{"start":{"line":2,"column":20},"end":{"line":2,"column":43}},"2":{"start":{"line":4,"column":15},"end":{"line":4,"column":24}},"3":{"start":{"line":6,"column":33},"end":{"line":6,"column":44}},"4":{"start":{"line":8,"column":0},"end":{"line":27,"column":2}},"5":{"start":{"line":9,"column":17},"end":{"line":12,"column":3}},"6":{"start":{"line":14,"column":19},"end":{"line":22,"column":4}},"7":{"start":{"line":15,"column":4},"end":{"line":21,"column":5}},"8":{"start":{"line":16,"column":19},"end":{"line":16,"column":68}},"9":{"start":{"line":17,"column":6},"end":{"line":18,"column":29}},"10":{"start":{"line":17,"column":16},"end":{"line":17,"column":43}},"11":{"start":{"line":18,"column":11},"end":{"line":18,"column":29}},"12":{"start":{"line":20,"column":6},"end":{"line":20,"column":23}},"13":{"start":{"line":24,"column":2},"end":{"line":24,"column":25}},"14":{"start":{"line":26,"column":2},"end":{"line":26,"column":82}},"15":{"start":{"line":26,"column":31},"end":{"line":26,"column":79}}},"fnMap":{"0":{"name":"(anonymous_0)","decl":{"start":{"line":8,"column":17},"end":{"line":8,"column":18}},"loc":{"start":{"line":8,"column":26},"end":{"line":27,"column":1}},"line":8},"1":{"name":"(anonymous_1)","decl":{"start":{"line":14,"column":40},"end":{"line":14,"column":41}},"loc":{"start":{"line":14,"column":65},"end":{"line":22,"column":3}},"line":14},"2":{"name":"(anonymous_2)","decl":{"start":{"line":26,"column":25},"end":{"line":26,"column":26}},"loc":{"start":{"line":26,"column":31},"end":{"line":26,"column":79}},"line":26}},"branchMap":{"0":{"loc":{"start":{"line":17,"column":6},"end":{"line":18,"column":29}},"type":"if","locations":[{"start":{"line":17,"column":6},"end":{"line":18,"column":29}},{"start":{"line":17,"column":6},"end":{"line":18,"column":29}}],"line":17}},"s":{"0":5,"1":5,"2":5,"3":5,"4":5,"5":5,"6":5,"7":31,"8":31,"9":31,"10":31,"11":0,"12":0,"13":5,"14":5,"15":5},"f":{"0":5,"1":31,"2":5},"b":{"0":[31,0]},"_coverageSchema":"1a1c01bbd47fc00a2c39e90264f33305004495a9","hash":"fc1995998eb18e285a82ebe58b0bed0892bd8be1"}
,"/home/assuntosdev/cursos/node-tdd-udemy/seuBarriga/src/config/router.js": {"path":"/home/assuntosdev/cursos/node-tdd-udemy/seuBarriga/src/config/router.js","statementMap":{"0":{"start":{"line":1,"column":16},"end":{"line":1,"column":34}},"1":{"start":{"line":3,"column":0},"end":{"line":12,"column":2}},"2":{"start":{"line":4,"column":2},"end":{"line":4,"column":36}},"3":{"start":{"line":5,"column":26},"end":{"line":5,"column":42}},"4":{"start":{"line":7,"column":2},"end":{"line":7,"column":50}},"5":{"start":{"line":8,"column":2},"end":{"line":8,"column":56}},"6":{"start":{"line":9,"column":2},"end":{"line":9,"column":64}},"7":{"start":{"line":11,"column":2},"end":{"line":11,"column":70}}},"fnMap":{"0":{"name":"(anonymous_0)","decl":{"start":{"line":3,"column":17},"end":{"line":3,"column":18}},"loc":{"start":{"line":3,"column":26},"end":{"line":12,"column":1}},"line":3}},"branchMap":{},"s":{"0":5,"1":5,"2":5,"3":5,"4":5,"5":5,"6":5,"7":5},"f":{"0":5},"b":{},"_coverageSchema":"1a1c01bbd47fc00a2c39e90264f33305004495a9","hash":"0f158c99f35cd9ccd0c11373912eca76f71dfc62"}
,"/home/assuntosdev/cursos/node-tdd-udemy/seuBarriga/src/errors/RecursoIndevidoError.js.js": {"path":"/home/assuntosdev/cursos/node-tdd-udemy/seuBarriga/src/errors/RecursoIndevidoError.js.js","statementMap":{"0":{"start":{"line":1,"column":14},"end":{"line":1,"column":52}},"1":{"start":{"line":2,"column":0},"end":{"line":5,"column":2}},"2":{"start":{"line":3,"column":2},"end":{"line":3,"column":37}},"3":{"start":{"line":4,"column":2},"end":{"line":4,"column":25}}},"fnMap":{"0":{"name":"RecursoIndevidoError","decl":{"start":{"line":2,"column":26},"end":{"line":2,"column":46}},"loc":{"start":{"line":2,"column":64},"end":{"line":5,"column":1}},"line":2}},"branchMap":{"0":{"loc":{"start":{"line":2,"column":47},"end":{"line":2,"column":62}},"type":"default-arg","locations":[{"start":{"line":2,"column":57},"end":{"line":2,"column":62}}],"line":2}},"s":{"0":5,"1":5,"2":4,"3":4},"f":{"0":4},"b":{"0":[4]},"_coverageSchema":"1a1c01bbd47fc00a2c39e90264f33305004495a9","hash":"308d33e49886c8d6bcb48dbce51314161c99358a"}
,"/home/assuntosdev/cursos/node-tdd-udemy/seuBarriga/src/errors/ValidationError.js": {"path":"/home/assuntosdev/cursos/node-tdd-udemy/seuBarriga/src/errors/ValidationError.js","statementMap":{"0":{"start":{"line":1,"column":0},"end":{"line":4,"column":2}},"1":{"start":{"line":2,"column":2},"end":{"line":2,"column":32}},"2":{"start":{"line":3,"column":2},"end":{"line":3,"column":25}}},"fnMap":{"0":{"name":"ValidationError","decl":{"start":{"line":1,"column":26},"end":{"line":1,"column":41}},"loc":{"start":{"line":1,"column":51},"end":{"line":4,"column":1}},"line":1}},"branchMap":{},"s":{"0":5,"1":14,"2":14},"f":{"0":14},"b":{},"_coverageSchema":"1a1c01bbd47fc00a2c39e90264f33305004495a9","hash":"ffd76524c6fb7f74354f8177ef641995b58d7925"}
,"/home/assuntosdev/cursos/node-tdd-udemy/seuBarriga/src/routes/accounts.js": {"path":"/home/assuntosdev/cursos/node-tdd-udemy/seuBarriga/src/routes/accounts.js","statementMap":{"0":{"start":{"line":1,"column":16},"end":{"line":1,"column":34}},"1":{"start":{"line":2,"column":29},"end":{"line":2,"column":73}},"2":{"start":{"line":4,"column":0},"end":{"line":57,"column":2}},"3":{"start":{"line":5,"column":17},"end":{"line":5,"column":33}},"4":{"start":{"line":7,"column":2},"end":{"line":15,"column":5}},"5":{"start":{"line":8,"column":4},"end":{"line":14,"column":5}},"6":{"start":{"line":9,"column":20},"end":{"line":9,"column":75}},"7":{"start":{"line":10,"column":6},"end":{"line":11,"column":18}},"8":{"start":{"line":10,"column":40},"end":{"line":10,"column":73}},"9":{"start":{"line":11,"column":11},"end":{"line":11,"column":18}},"10":{"start":{"line":13,"column":6},"end":{"line":13,"column":16}},"11":{"start":{"line":16,"column":2},"end":{"line":23,"column":5}},"12":{"start":{"line":17,"column":4},"end":{"line":22,"column":5}},"13":{"start":{"line":18,"column":22},"end":{"line":18,"column":92}},"14":{"start":{"line":19,"column":6},"end":{"line":19,"column":46}},"15":{"start":{"line":21,"column":6},"end":{"line":21,"column":23}},"16":{"start":{"line":24,"column":2},"end":{"line":31,"column":5}},"17":{"start":{"line":25,"column":4},"end":{"line":30,"column":5}},"18":{"start":{"line":26,"column":21},"end":{"line":26,"column":69}},"19":{"start":{"line":27,"column":6},"end":{"line":27,"column":35}},"20":{"start":{"line":29,"column":6},"end":{"line":29,"column":16}},"21":{"start":{"line":32,"column":2},"end":{"line":39,"column":5}},"22":{"start":{"line":33,"column":4},"end":{"line":38,"column":5}},"23":{"start":{"line":34,"column":21},"end":{"line":34,"column":76}},"24":{"start":{"line":35,"column":6},"end":{"line":35,"column":42}},"25":{"start":{"line":37,"column":6},"end":{"line":37,"column":23}},"26":{"start":{"line":40,"column":2},"end":{"line":47,"column":5}},"27":{"start":{"line":41,"column":4},"end":{"line":46,"column":5}},"28":{"start":{"line":42,"column":21},"end":{"line":42,"column":80}},"29":{"start":{"line":43,"column":6},"end":{"line":43,"column":38}},"30":{"start":{"line":45,"column":6},"end":{"line":45,"column":16}},"31":{"start":{"line":48,"column":2},"end":{"line":55,"column":5}},"32":{"start":{"line":49,"column":4},"end":{"line":54,"column":5}},"33":{"start":{"line":50,"column":21},"end":{"line":50,"column":70}},"34":{"start":{"line":51,"column":6},"end":{"line":51,"column":35}},"35":{"start":{"line":53,"column":6},"end":{"line":53,"column":16}},"36":{"start":{"line":56,"column":2},"end":{"line":56,"column":16}}},"fnMap":{"0":{"name":"(anonymous_0)","decl":{"start":{"line":4,"column":17},"end":{"line":4,"column":18}},"loc":{"start":{"line":4,"column":26},"end":{"line":57,"column":1}},"line":4},"1":{"name":"(anonymous_1)","decl":{"start":{"line":7,"column":21},"end":{"line":7,"column":22}},"loc":{"start":{"line":7,"column":47},"end":{"line":15,"column":3}},"line":7},"2":{"name":"(anonymous_2)","decl":{"start":{"line":16,"column":19},"end":{"line":16,"column":20}},"loc":{"start":{"line":16,"column":45},"end":{"line":23,"column":3}},"line":16},"3":{"name":"(anonymous_3)","decl":{"start":{"line":24,"column":18},"end":{"line":24,"column":19}},"loc":{"start":{"line":24,"column":44},"end":{"line":31,"column":3}},"line":24},"4":{"name":"(anonymous_4)","decl":{"start":{"line":32,"column":21},"end":{"line":32,"column":22}},"loc":{"start":{"line":32,"column":47},"end":{"line":39,"column":3}},"line":32},"5":{"name":"(anonymous_5)","decl":{"start":{"line":40,"column":21},"end":{"line":40,"column":22}},"loc":{"start":{"line":40,"column":47},"end":{"line":47,"column":3}},"line":40},"6":{"name":"(anonymous_6)","decl":{"start":{"line":48,"column":24},"end":{"line":48,"column":25}},"loc":{"start":{"line":48,"column":50},"end":{"line":55,"column":3}},"line":48}},"branchMap":{"0":{"loc":{"start":{"line":10,"column":6},"end":{"line":11,"column":18}},"type":"if","locations":[{"start":{"line":10,"column":6},"end":{"line":11,"column":18}},{"start":{"line":10,"column":6},"end":{"line":11,"column":18}}],"line":10}},"s":{"0":5,"1":5,"2":5,"3":5,"4":5,"5":6,"6":6,"7":6,"8":3,"9":3,"10":3,"11":5,"12":3,"13":3,"14":1,"15":2,"16":5,"17":1,"18":1,"19":1,"20":0,"21":5,"22":1,"23":1,"24":1,"25":0,"26":5,"27":1,"28":1,"29":1,"30":0,"31":5,"32":1,"33":1,"34":1,"35":0,"36":5},"f":{"0":5,"1":6,"2":3,"3":1,"4":1,"5":1,"6":1},"b":{"0":[3,3]},"_coverageSchema":"1a1c01bbd47fc00a2c39e90264f33305004495a9","hash":"44e4cdcb6450c56a07f7ef423f80fa1b9be40bc2"}
,"/home/assuntosdev/cursos/node-tdd-udemy/seuBarriga/src/routes/auth.js": {"path":"/home/assuntosdev/cursos/node-tdd-udemy/seuBarriga/src/routes/auth.js","statementMap":{"0":{"start":{"line":1,"column":16},"end":{"line":1,"column":34}},"1":{"start":{"line":2,"column":12},"end":{"line":2,"column":33}},"2":{"start":{"line":3,"column":15},"end":{"line":3,"column":39}},"3":{"start":{"line":4,"column":24},"end":{"line":4,"column":60}},"4":{"start":{"line":6,"column":15},"end":{"line":6,"column":24}},"5":{"start":{"line":8,"column":0},"end":{"line":36,"column":2}},"6":{"start":{"line":9,"column":17},"end":{"line":9,"column":33}},"7":{"start":{"line":11,"column":2},"end":{"line":26,"column":5}},"8":{"start":{"line":12,"column":4},"end":{"line":25,"column":5}},"9":{"start":{"line":13,"column":21},"end":{"line":13,"column":75}},"10":{"start":{"line":14,"column":6},"end":{"line":14,"column":74}},"11":{"start":{"line":14,"column":19},"end":{"line":14,"column":74}},"12":{"start":{"line":15,"column":6},"end":{"line":15,"column":118}},"13":{"start":{"line":15,"column":63},"end":{"line":15,"column":118}},"14":{"start":{"line":16,"column":22},"end":{"line":20,"column":7}},"15":{"start":{"line":21,"column":20},"end":{"line":21,"column":47}},"16":{"start":{"line":22,"column":6},"end":{"line":22,"column":45}},"17":{"start":{"line":24,"column":6},"end":{"line":24,"column":23}},"18":{"start":{"line":27,"column":2},"end":{"line":34,"column":5}},"19":{"start":{"line":28,"column":4},"end":{"line":33,"column":5}},"20":{"start":{"line":29,"column":21},"end":{"line":29,"column":60}},"21":{"start":{"line":30,"column":6},"end":{"line":30,"column":45}},"22":{"start":{"line":32,"column":6},"end":{"line":32,"column":23}},"23":{"start":{"line":35,"column":2},"end":{"line":35,"column":16}}},"fnMap":{"0":{"name":"(anonymous_0)","decl":{"start":{"line":8,"column":17},"end":{"line":8,"column":18}},"loc":{"start":{"line":8,"column":26},"end":{"line":36,"column":1}},"line":8},"1":{"name":"(anonymous_1)","decl":{"start":{"line":11,"column":25},"end":{"line":11,"column":26}},"loc":{"start":{"line":11,"column":51},"end":{"line":26,"column":3}},"line":11},"2":{"name":"(anonymous_2)","decl":{"start":{"line":27,"column":25},"end":{"line":27,"column":26}},"loc":{"start":{"line":27,"column":51},"end":{"line":34,"column":3}},"line":27}},"branchMap":{"0":{"loc":{"start":{"line":14,"column":6},"end":{"line":14,"column":74}},"type":"if","locations":[{"start":{"line":14,"column":6},"end":{"line":14,"column":74}},{"start":{"line":14,"column":6},"end":{"line":14,"column":74}}],"line":14},"1":{"loc":{"start":{"line":15,"column":6},"end":{"line":15,"column":118}},"type":"if","locations":[{"start":{"line":15,"column":6},"end":{"line":15,"column":118}},{"start":{"line":15,"column":6},"end":{"line":15,"column":118}}],"line":15}},"s":{"0":5,"1":5,"2":5,"3":5,"4":5,"5":5,"6":5,"7":5,"8":3,"9":3,"10":3,"11":1,"12":2,"13":1,"14":1,"15":1,"16":1,"17":2,"18":5,"19":1,"20":1,"21":1,"22":0,"23":5},"f":{"0":5,"1":3,"2":1},"b":{"0":[1,2],"1":[1,1]},"_coverageSchema":"1a1c01bbd47fc00a2c39e90264f33305004495a9","hash":"95b6b7dfe56dc7da813da667bb0e9447a776dbca"}
,"/home/assuntosdev/cursos/node-tdd-udemy/seuBarriga/src/routes/transactions.js": {"path":"/home/assuntosdev/cursos/node-tdd-udemy/seuBarriga/src/routes/transactions.js","statementMap":{"0":{"start":{"line":1,"column":16},"end":{"line":1,"column":34}},"1":{"start":{"line":2,"column":29},"end":{"line":2,"column":73}},"2":{"start":{"line":4,"column":0},"end":{"line":57,"column":2}},"3":{"start":{"line":5,"column":17},"end":{"line":5,"column":33}},"4":{"start":{"line":7,"column":2},"end":{"line":15,"column":5}},"5":{"start":{"line":8,"column":4},"end":{"line":14,"column":5}},"6":{"start":{"line":9,"column":24},"end":{"line":9,"column":111}},"7":{"start":{"line":10,"column":6},"end":{"line":11,"column":44}},"8":{"start":{"line":10,"column":32},"end":{"line":10,"column":39}},"9":{"start":{"line":11,"column":11},"end":{"line":11,"column":44}},"10":{"start":{"line":13,"column":6},"end":{"line":13,"column":16}},"11":{"start":{"line":16,"column":2},"end":{"line":23,"column":5}},"12":{"start":{"line":17,"column":4},"end":{"line":22,"column":5}},"13":{"start":{"line":18,"column":19},"end":{"line":18,"column":68}},"14":{"start":{"line":19,"column":6},"end":{"line":19,"column":33}},"15":{"start":{"line":21,"column":6},"end":{"line":21,"column":16}},"16":{"start":{"line":24,"column":2},"end":{"line":31,"column":5}},"17":{"start":{"line":25,"column":4},"end":{"line":30,"column":5}},"18":{"start":{"line":26,"column":19},"end":{"line":26,"column":65}},"19":{"start":{"line":27,"column":6},"end":{"line":27,"column":33}},"20":{"start":{"line":29,"column":6},"end":{"line":29,"column":16}},"21":{"start":{"line":32,"column":2},"end":{"line":39,"column":5}},"22":{"start":{"line":33,"column":4},"end":{"line":38,"column":5}},"23":{"start":{"line":34,"column":26},"end":{"line":34,"column":88}},"24":{"start":{"line":35,"column":6},"end":{"line":35,"column":40}},"25":{"start":{"line":37,"column":6},"end":{"line":37,"column":16}},"26":{"start":{"line":40,"column":2},"end":{"line":47,"column":5}},"27":{"start":{"line":41,"column":4},"end":{"line":46,"column":5}},"28":{"start":{"line":42,"column":21},"end":{"line":42,"column":84}},"29":{"start":{"line":43,"column":6},"end":{"line":43,"column":35}},"30":{"start":{"line":45,"column":6},"end":{"line":45,"column":16}},"31":{"start":{"line":48,"column":2},"end":{"line":55,"column":5}},"32":{"start":{"line":49,"column":4},"end":{"line":54,"column":5}},"33":{"start":{"line":50,"column":21},"end":{"line":50,"column":74}},"34":{"start":{"line":51,"column":6},"end":{"line":51,"column":35}},"35":{"start":{"line":53,"column":6},"end":{"line":53,"column":16}},"36":{"start":{"line":56,"column":2},"end":{"line":56,"column":16}}},"fnMap":{"0":{"name":"(anonymous_0)","decl":{"start":{"line":4,"column":17},"end":{"line":4,"column":18}},"loc":{"start":{"line":4,"column":26},"end":{"line":57,"column":1}},"line":4},"1":{"name":"(anonymous_1)","decl":{"start":{"line":7,"column":21},"end":{"line":7,"column":22}},"loc":{"start":{"line":7,"column":47},"end":{"line":15,"column":3}},"line":7},"2":{"name":"(anonymous_2)","decl":{"start":{"line":16,"column":18},"end":{"line":16,"column":19}},"loc":{"start":{"line":16,"column":44},"end":{"line":23,"column":3}},"line":16},"3":{"name":"(anonymous_3)","decl":{"start":{"line":24,"column":19},"end":{"line":24,"column":20}},"loc":{"start":{"line":24,"column":45},"end":{"line":31,"column":3}},"line":24},"4":{"name":"(anonymous_4)","decl":{"start":{"line":32,"column":21},"end":{"line":32,"column":22}},"loc":{"start":{"line":32,"column":47},"end":{"line":39,"column":3}},"line":32},"5":{"name":"(anonymous_5)","decl":{"start":{"line":40,"column":21},"end":{"line":40,"column":22}},"loc":{"start":{"line":40,"column":47},"end":{"line":47,"column":3}},"line":40},"6":{"name":"(anonymous_6)","decl":{"start":{"line":48,"column":24},"end":{"line":48,"column":25}},"loc":{"start":{"line":48,"column":50},"end":{"line":55,"column":3}},"line":48}},"branchMap":{"0":{"loc":{"start":{"line":10,"column":6},"end":{"line":11,"column":44}},"type":"if","locations":[{"start":{"line":10,"column":6},"end":{"line":11,"column":44}},{"start":{"line":10,"column":6},"end":{"line":11,"column":44}}],"line":10}},"s":{"0":5,"1":5,"2":5,"3":5,"4":5,"5":4,"6":4,"7":4,"8":3,"9":1,"10":1,"11":5,"12":1,"13":1,"14":1,"15":0,"16":5,"17":9,"18":9,"19":3,"20":6,"21":5,"22":1,"23":1,"24":1,"25":0,"26":5,"27":1,"28":1,"29":1,"30":0,"31":5,"32":1,"33":1,"34":1,"35":0,"36":5},"f":{"0":5,"1":4,"2":1,"3":9,"4":1,"5":1,"6":1},"b":{"0":[3,1]},"_coverageSchema":"1a1c01bbd47fc00a2c39e90264f33305004495a9","hash":"748458bd3a6d5d4038bea3c125788b3f4f608f81"}
,"/home/assuntosdev/cursos/node-tdd-udemy/seuBarriga/src/routes/users.js": {"path":"/home/assuntosdev/cursos/node-tdd-udemy/seuBarriga/src/routes/users.js","statementMap":{"0":{"start":{"line":1,"column":16},"end":{"line":1,"column":34}},"1":{"start":{"line":3,"column":0},"end":{"line":23,"column":2}},"2":{"start":{"line":4,"column":17},"end":{"line":4,"column":33}},"3":{"start":{"line":5,"column":2},"end":{"line":12,"column":5}},"4":{"start":{"line":6,"column":4},"end":{"line":11,"column":5}},"5":{"start":{"line":7,"column":21},"end":{"line":7,"column":55}},"6":{"start":{"line":8,"column":6},"end":{"line":8,"column":35}},"7":{"start":{"line":10,"column":6},"end":{"line":10,"column":16}},"8":{"start":{"line":13,"column":2},"end":{"line":20,"column":5}},"9":{"start":{"line":14,"column":4},"end":{"line":19,"column":5}},"10":{"start":{"line":15,"column":21},"end":{"line":15,"column":60}},"11":{"start":{"line":16,"column":6},"end":{"line":16,"column":45}},"12":{"start":{"line":18,"column":6},"end":{"line":18,"column":23}},"13":{"start":{"line":22,"column":2},"end":{"line":22,"column":16}}},"fnMap":{"0":{"name":"(anonymous_0)","decl":{"start":{"line":3,"column":17},"end":{"line":3,"column":18}},"loc":{"start":{"line":3,"column":26},"end":{"line":23,"column":1}},"line":3},"1":{"name":"(anonymous_1)","decl":{"start":{"line":5,"column":18},"end":{"line":5,"column":19}},"loc":{"start":{"line":5,"column":44},"end":{"line":12,"column":3}},"line":5},"2":{"name":"(anonymous_2)","decl":{"start":{"line":13,"column":19},"end":{"line":13,"column":20}},"loc":{"start":{"line":13,"column":45},"end":{"line":20,"column":3}},"line":13}},"branchMap":{},"s":{"0":5,"1":5,"2":5,"3":5,"4":1,"5":1,"6":1,"7":0,"8":5,"9":6,"10":6,"11":2,"12":4,"13":5},"f":{"0":5,"1":1,"2":6},"b":{},"_coverageSchema":"1a1c01bbd47fc00a2c39e90264f33305004495a9","hash":"d393a3961fe391c0b164b99750cd5c2a53ad42ba"}
,"/home/assuntosdev/cursos/node-tdd-udemy/seuBarriga/src/services/accounts.js": {"path":"/home/assuntosdev/cursos/node-tdd-udemy/seuBarriga/src/services/accounts.js","statementMap":{"0":{"start":{"line":1,"column":24},"end":{"line":1,"column":60}},"1":{"start":{"line":3,"column":0},"end":{"line":30,"column":2}},"2":{"start":{"line":4,"column":18},"end":{"line":7,"column":3}},"3":{"start":{"line":5,"column":21},"end":{"line":5,"column":72}},"4":{"start":{"line":6,"column":4},"end":{"line":6,"column":20}},"5":{"start":{"line":8,"column":15},"end":{"line":11,"column":3}},"6":{"start":{"line":9,"column":20},"end":{"line":9,"column":75}},"7":{"start":{"line":10,"column":4},"end":{"line":10,"column":19}},"8":{"start":{"line":12,"column":15},"end":{"line":18,"column":3}},"9":{"start":{"line":13,"column":4},"end":{"line":13,"column":83}},"10":{"start":{"line":13,"column":23},"end":{"line":13,"column":83}},"11":{"start":{"line":14,"column":24},"end":{"line":14,"column":82}},"12":{"start":{"line":15,"column":4},"end":{"line":15,"column":84}},"13":{"start":{"line":15,"column":21},"end":{"line":15,"column":84}},"14":{"start":{"line":16,"column":22},"end":{"line":16,"column":67}},"15":{"start":{"line":17,"column":4},"end":{"line":17,"column":21}},"16":{"start":{"line":19,"column":17},"end":{"line":22,"column":3}},"17":{"start":{"line":20,"column":22},"end":{"line":20,"column":75}},"18":{"start":{"line":21,"column":4},"end":{"line":21,"column":21}},"19":{"start":{"line":23,"column":17},"end":{"line":26,"column":3}},"20":{"start":{"line":24,"column":27},"end":{"line":24,"column":68}},"21":{"start":{"line":25,"column":4},"end":{"line":25,"column":26}},"22":{"start":{"line":27,"column":2},"end":{"line":29,"column":4}}},"fnMap":{"0":{"name":"(anonymous_0)","decl":{"start":{"line":3,"column":17},"end":{"line":3,"column":18}},"loc":{"start":{"line":3,"column":26},"end":{"line":30,"column":1}},"line":3},"1":{"name":"(anonymous_1)","decl":{"start":{"line":4,"column":18},"end":{"line":4,"column":19}},"loc":{"start":{"line":4,"column":36},"end":{"line":7,"column":3}},"line":4},"2":{"name":"(anonymous_2)","decl":{"start":{"line":8,"column":15},"end":{"line":8,"column":16}},"loc":{"start":{"line":8,"column":38},"end":{"line":11,"column":3}},"line":8},"3":{"name":"(anonymous_3)","decl":{"start":{"line":12,"column":15},"end":{"line":12,"column":16}},"loc":{"start":{"line":12,"column":34},"end":{"line":18,"column":3}},"line":12},"4":{"name":"(anonymous_4)","decl":{"start":{"line":19,"column":17},"end":{"line":19,"column":18}},"loc":{"start":{"line":19,"column":40},"end":{"line":22,"column":3}},"line":19},"5":{"name":"(anonymous_5)","decl":{"start":{"line":23,"column":17},"end":{"line":23,"column":18}},"loc":{"start":{"line":23,"column":31},"end":{"line":26,"column":3}},"line":23}},"branchMap":{"0":{"loc":{"start":{"line":8,"column":22},"end":{"line":8,"column":33}},"type":"default-arg","locations":[{"start":{"line":8,"column":31},"end":{"line":8,"column":33}}],"line":8},"1":{"loc":{"start":{"line":13,"column":4},"end":{"line":13,"column":83}},"type":"if","locations":[{"start":{"line":13,"column":4},"end":{"line":13,"column":83}},{"start":{"line":13,"column":4},"end":{"line":13,"column":83}}],"line":13},"2":{"loc":{"start":{"line":15,"column":4},"end":{"line":15,"column":84}},"type":"if","locations":[{"start":{"line":15,"column":4},"end":{"line":15,"column":84}},{"start":{"line":15,"column":4},"end":{"line":15,"column":84}}],"line":15}},"s":{"0":5,"1":5,"2":5,"3":1,"4":1,"5":5,"6":9,"7":9,"8":5,"9":3,"10":1,"11":2,"12":2,"13":1,"14":1,"15":1,"16":5,"17":1,"18":1,"19":5,"20":1,"21":1,"22":5},"f":{"0":5,"1":1,"2":9,"3":3,"4":1,"5":1},"b":{"0":[0],"1":[1,2],"2":[1,1]},"_coverageSchema":"1a1c01bbd47fc00a2c39e90264f33305004495a9","hash":"528c6343e50b4e99501ef66bcac9541bf62dda4e"}
,"/home/assuntosdev/cursos/node-tdd-udemy/seuBarriga/src/services/transactions.js": {"path":"/home/assuntosdev/cursos/node-tdd-udemy/seuBarriga/src/services/transactions.js","statementMap":{"0":{"start":{"line":1,"column":24},"end":{"line":1,"column":60}},"1":{"start":{"line":3,"column":0},"end":{"line":46,"column":2}},"2":{"start":{"line":4,"column":15},"end":{"line":11,"column":3}},"3":{"start":{"line":5,"column":24},"end":{"line":9,"column":15}},"4":{"start":{"line":10,"column":4},"end":{"line":10,"column":23}},"5":{"start":{"line":12,"column":15},"end":{"line":27,"column":3}},"6":{"start":{"line":13,"column":4},"end":{"line":13,"column":99}},"7":{"start":{"line":13,"column":34},"end":{"line":13,"column":99}},"8":{"start":{"line":14,"column":4},"end":{"line":14,"column":90}},"9":{"start":{"line":14,"column":29},"end":{"line":14,"column":90}},"10":{"start":{"line":15,"column":4},"end":{"line":15,"column":87}},"11":{"start":{"line":15,"column":27},"end":{"line":15,"column":87}},"12":{"start":{"line":16,"column":4},"end":{"line":16,"column":90}},"13":{"start":{"line":16,"column":29},"end":{"line":16,"column":90}},"14":{"start":{"line":17,"column":4},"end":{"line":17,"column":87}},"15":{"start":{"line":17,"column":27},"end":{"line":17,"column":87}},"16":{"start":{"line":18,"column":4},"end":{"line":19,"column":96}},"17":{"start":{"line":19,"column":39},"end":{"line":19,"column":96}},"18":{"start":{"line":21,"column":27},"end":{"line":21,"column":45}},"19":{"start":{"line":22,"column":4},"end":{"line":23,"column":91}},"20":{"start":{"line":23,"column":63},"end":{"line":23,"column":91}},"21":{"start":{"line":24,"column":26},"end":{"line":25,"column":34}},"22":{"start":{"line":26,"column":4},"end":{"line":26,"column":25}},"23":{"start":{"line":28,"column":18},"end":{"line":32,"column":3}},"24":{"start":{"line":29,"column":26},"end":{"line":30,"column":29}},"25":{"start":{"line":31,"column":4},"end":{"line":31,"column":25}},"26":{"start":{"line":33,"column":17},"end":{"line":37,"column":3}},"27":{"start":{"line":34,"column":26},"end":{"line":35,"column":45}},"28":{"start":{"line":36,"column":4},"end":{"line":36,"column":25}},"29":{"start":{"line":38,"column":17},"end":{"line":42,"column":3}},"30":{"start":{"line":39,"column":26},"end":{"line":40,"column":26}},"31":{"start":{"line":41,"column":4},"end":{"line":41,"column":25}},"32":{"start":{"line":43,"column":2},"end":{"line":45,"column":4}}},"fnMap":{"0":{"name":"(anonymous_0)","decl":{"start":{"line":3,"column":17},"end":{"line":3,"column":18}},"loc":{"start":{"line":3,"column":26},"end":{"line":46,"column":1}},"line":3},"1":{"name":"(anonymous_1)","decl":{"start":{"line":4,"column":15},"end":{"line":4,"column":16}},"loc":{"start":{"line":4,"column":46},"end":{"line":11,"column":3}},"line":4},"2":{"name":"(anonymous_2)","decl":{"start":{"line":12,"column":15},"end":{"line":12,"column":16}},"loc":{"start":{"line":12,"column":38},"end":{"line":27,"column":3}},"line":12},"3":{"name":"(anonymous_3)","decl":{"start":{"line":28,"column":18},"end":{"line":28,"column":19}},"loc":{"start":{"line":28,"column":36},"end":{"line":32,"column":3}},"line":28},"4":{"name":"(anonymous_4)","decl":{"start":{"line":33,"column":17},"end":{"line":33,"column":18}},"loc":{"start":{"line":33,"column":44},"end":{"line":37,"column":3}},"line":33},"5":{"name":"(anonymous_5)","decl":{"start":{"line":38,"column":17},"end":{"line":38,"column":18}},"loc":{"start":{"line":38,"column":31},"end":{"line":42,"column":3}},"line":38}},"branchMap":{"0":{"loc":{"start":{"line":4,"column":30},"end":{"line":4,"column":41}},"type":"default-arg","locations":[{"start":{"line":4,"column":39},"end":{"line":4,"column":41}}],"line":4},"1":{"loc":{"start":{"line":13,"column":4},"end":{"line":13,"column":99}},"type":"if","locations":[{"start":{"line":13,"column":4},"end":{"line":13,"column":99}},{"start":{"line":13,"column":4},"end":{"line":13,"column":99}}],"line":13},"2":{"loc":{"start":{"line":14,"column":4},"end":{"line":14,"column":90}},"type":"if","locations":[{"start":{"line":14,"column":4},"end":{"line":14,"column":90}},{"start":{"line":14,"column":4},"end":{"line":14,"column":90}}],"line":14},"3":{"loc":{"start":{"line":15,"column":4},"end":{"line":15,"column":87}},"type":"if","locations":[{"start":{"line":15,"column":4},"end":{"line":15,"column":87}},{"start":{"line":15,"column":4},"end":{"line":15,"column":87}}],"line":15},"4":{"loc":{"start":{"line":16,"column":4},"end":{"line":16,"column":90}},"type":"if","locations":[{"start":{"line":16,"column":4},"end":{"line":16,"column":90}},{"start":{"line":16,"column":4},"end":{"line":16,"column":90}}],"line":16},"5":{"loc":{"start":{"line":17,"column":4},"end":{"line":17,"column":87}},"type":"if","locations":[{"start":{"line":17,"column":4},"end":{"line":17,"column":87}},{"start":{"line":17,"column":4},"end":{"line":17,"column":87}}],"line":17},"6":{"loc":{"start":{"line":18,"column":4},"end":{"line":19,"column":96}},"type":"if","locations":[{"start":{"line":18,"column":4},"end":{"line":19,"column":96}},{"start":{"line":18,"column":4},"end":{"line":19,"column":96}}],"line":18},"7":{"loc":{"start":{"line":18,"column":8},"end":{"line":19,"column":37}},"type":"binary-expr","locations":[{"start":{"line":18,"column":9},"end":{"line":18,"column":33}},{"start":{"line":19,"column":12},"end":{"line":19,"column":36}}],"line":18},"8":{"loc":{"start":{"line":22,"column":4},"end":{"line":23,"column":91}},"type":"if","locations":[{"start":{"line":22,"column":4},"end":{"line":23,"column":91}},{"start":{"line":22,"column":4},"end":{"line":23,"column":91}}],"line":22},"9":{"loc":{"start":{"line":22,"column":8},"end":{"line":23,"column":61}},"type":"binary-expr","locations":[{"start":{"line":22,"column":9},"end":{"line":22,"column":33}},{"start":{"line":22,"column":37},"end":{"line":22,"column":59}},{"start":{"line":23,"column":10},"end":{"line":23,"column":34}},{"start":{"line":23,"column":38},"end":{"line":23,"column":60}}],"line":22}},"s":{"0":5,"1":5,"2":5,"3":5,"4":5,"5":5,"6":9,"7":1,"8":8,"9":1,"10":7,"11":1,"12":6,"13":1,"14":5,"15":1,"16":4,"17":1,"18":3,"19":3,"20":1,"21":3,"22":3,"23":5,"24":1,"25":1,"26":5,"27":1,"28":1,"29":5,"30":1,"31":1,"32":5},"f":{"0":5,"1":5,"2":9,"3":1,"4":1,"5":1},"b":{"0":[1],"1":[1,8],"2":[1,7],"3":[1,6],"4":[1,5],"5":[1,4],"6":[1,3],"7":[4,2],"8":[1,2],"9":[3,2,2,1]},"_coverageSchema":"1a1c01bbd47fc00a2c39e90264f33305004495a9","hash":"f829b324e7aba8304c2dcec23d59b67c28ca0f01"}
,"/home/assuntosdev/cursos/node-tdd-udemy/seuBarriga/src/services/users.js": {"path":"/home/assuntosdev/cursos/node-tdd-udemy/seuBarriga/src/services/users.js","statementMap":{"0":{"start":{"line":1,"column":15},"end":{"line":1,"column":39}},"1":{"start":{"line":2,"column":24},"end":{"line":2,"column":60}},"2":{"start":{"line":4,"column":0},"end":{"line":30,"column":2}},"3":{"start":{"line":5,"column":18},"end":{"line":8,"column":3}},"4":{"start":{"line":6,"column":19},"end":{"line":6,"column":71}},"5":{"start":{"line":7,"column":4},"end":{"line":7,"column":18}},"6":{"start":{"line":9,"column":15},"end":{"line":12,"column":3}},"7":{"start":{"line":10,"column":19},"end":{"line":10,"column":71}},"8":{"start":{"line":11,"column":4},"end":{"line":11,"column":18}},"9":{"start":{"line":13,"column":24},"end":{"line":16,"column":3}},"10":{"start":{"line":14,"column":17},"end":{"line":14,"column":39}},"11":{"start":{"line":15,"column":4},"end":{"line":15,"column":41}},"12":{"start":{"line":17,"column":15},"end":{"line":28,"column":3}},"13":{"start":{"line":18,"column":4},"end":{"line":18,"column":80}},"14":{"start":{"line":18,"column":20},"end":{"line":18,"column":80}},"15":{"start":{"line":19,"column":4},"end":{"line":19,"column":81}},"16":{"start":{"line":19,"column":20},"end":{"line":19,"column":81}},"17":{"start":{"line":20,"column":4},"end":{"line":20,"column":83}},"18":{"start":{"line":20,"column":22},"end":{"line":20,"column":83}},"19":{"start":{"line":22,"column":19},"end":{"line":22,"column":50}},"20":{"start":{"line":23,"column":4},"end":{"line":23,"column":81}},"21":{"start":{"line":23,"column":16},"end":{"line":23,"column":81}},"22":{"start":{"line":24,"column":20},"end":{"line":24,"column":31}},"23":{"start":{"line":25,"column":4},"end":{"line":25,"column":48}},"24":{"start":{"line":26,"column":19},"end":{"line":26,"column":80}},"25":{"start":{"line":27,"column":4},"end":{"line":27,"column":18}},"26":{"start":{"line":29,"column":2},"end":{"line":29,"column":33}}},"fnMap":{"0":{"name":"(anonymous_0)","decl":{"start":{"line":4,"column":17},"end":{"line":4,"column":18}},"loc":{"start":{"line":4,"column":26},"end":{"line":30,"column":1}},"line":4},"1":{"name":"(anonymous_1)","decl":{"start":{"line":5,"column":18},"end":{"line":5,"column":19}},"loc":{"start":{"line":5,"column":30},"end":{"line":8,"column":3}},"line":5},"2":{"name":"(anonymous_2)","decl":{"start":{"line":9,"column":15},"end":{"line":9,"column":16}},"loc":{"start":{"line":9,"column":38},"end":{"line":12,"column":3}},"line":9},"3":{"name":"(anonymous_3)","decl":{"start":{"line":13,"column":24},"end":{"line":13,"column":25}},"loc":{"start":{"line":13,"column":36},"end":{"line":16,"column":3}},"line":13},"4":{"name":"(anonymous_4)","decl":{"start":{"line":17,"column":15},"end":{"line":17,"column":16}},"loc":{"start":{"line":17,"column":31},"end":{"line":28,"column":3}},"line":17}},"branchMap":{"0":{"loc":{"start":{"line":9,"column":22},"end":{"line":9,"column":33}},"type":"default-arg","locations":[{"start":{"line":9,"column":31},"end":{"line":9,"column":33}}],"line":9},"1":{"loc":{"start":{"line":18,"column":4},"end":{"line":18,"column":80}},"type":"if","locations":[{"start":{"line":18,"column":4},"end":{"line":18,"column":80}},{"start":{"line":18,"column":4},"end":{"line":18,"column":80}}],"line":18},"2":{"loc":{"start":{"line":19,"column":4},"end":{"line":19,"column":81}},"type":"if","locations":[{"start":{"line":19,"column":4},"end":{"line":19,"column":81}},{"start":{"line":19,"column":4},"end":{"line":19,"column":81}}],"line":19},"3":{"loc":{"start":{"line":20,"column":4},"end":{"line":20,"column":83}},"type":"if","locations":[{"start":{"line":20,"column":4},"end":{"line":20,"column":83}},{"start":{"line":20,"column":4},"end":{"line":20,"column":83}}],"line":20},"4":{"loc":{"start":{"line":23,"column":4},"end":{"line":23,"column":81}},"type":"if","locations":[{"start":{"line":23,"column":4},"end":{"line":23,"column":81}},{"start":{"line":23,"column":4},"end":{"line":23,"column":81}}],"line":23}},"s":{"0":5,"1":5,"2":5,"3":5,"4":1,"5":1,"6":5,"7":62,"8":62,"9":5,"10":26,"11":26,"12":5,"13":30,"14":1,"15":29,"16":1,"17":28,"18":1,"19":27,"20":27,"21":1,"22":26,"23":26,"24":26,"25":26,"26":5},"f":{"0":5,"1":1,"2":62,"3":26,"4":30},"b":{"0":[0],"1":[1,29],"2":[1,28],"3":[1,27],"4":[1,26]},"_coverageSchema":"1a1c01bbd47fc00a2c39e90264f33305004495a9","hash":"f365946c0a6dbb01b49ab7111f5427d854664326"}
}
