TN:
SF:knexfile.js
FNF:0
FNH:0
DA:1,5
LF:1
LH:1
BRF:0
BRH:0
end_of_record
TN:
SF:src/app.js
FN:11,(anonymous_0)
FN:23,(anonymous_1)
FNF:2
FNH:2
FNDA:1,(anonymous_0)
FNDA:18,(anonymous_1)
DA:1,5
DA:2,5
DA:3,5
DA:7,5
DA:9,5
DA:11,5
DA:12,1
DA:15,5
DA:23,5
DA:24,18
DA:25,18
DA:26,18
DA:27,14
DA:28,4
DA:31,5
LF:15
LH:15
BRDA:25,0,0,14
BRDA:25,0,1,4
BRDA:26,1,0,4
BRDA:26,1,1,14
BRF:4
BRH:4
end_of_record
TN:
SF:src/config/middlewares.js
FN:4,(anonymous_0)
FNF:1
FNH:1
FNDA:5,(anonymous_0)
DA:1,5
DA:2,5
DA:4,5
DA:5,5
DA:6,5
LF:5
LH:5
BRF:0
BRH:0
end_of_record
TN:
SF:src/config/passport.js
FN:8,(anonymous_0)
FN:14,(anonymous_1)
FN:26,(anonymous_2)
FNF:3
FNH:3
FNDA:5,(anonymous_0)
FNDA:31,(anonymous_1)
FNDA:5,(anonymous_2)
DA:1,5
DA:2,5
DA:4,5
DA:6,5
DA:8,5
DA:9,5
DA:14,5
DA:15,31
DA:16,31
DA:17,31
DA:18,0
DA:20,0
DA:24,5
DA:26,5
LF:14
LH:12
BRDA:17,0,0,31
BRDA:17,0,1,0
BRF:2
BRH:1
end_of_record
TN:
SF:src/config/router.js
FN:3,(anonymous_0)
FNF:1
FNH:1
FNDA:5,(anonymous_0)
DA:1,5
DA:3,5
DA:4,5
DA:5,5
DA:7,5
DA:8,5
DA:9,5
DA:11,5
LF:8
LH:8
BRF:0
BRH:0
end_of_record
TN:
SF:src/errors/RecursoIndevidoError.js.js
FN:2,RecursoIndevidoError
FNF:1
FNH:1
FNDA:4,RecursoIndevidoError
DA:1,5
DA:2,5
DA:3,4
DA:4,4
LF:4
LH:4
BRDA:2,0,0,4
BRF:1
BRH:1
end_of_record
TN:
SF:src/errors/ValidationError.js
FN:1,ValidationError
FNF:1
FNH:1
FNDA:14,ValidationError
DA:1,5
DA:2,14
DA:3,14
LF:3
LH:3
BRF:0
BRH:0
end_of_record
TN:
SF:src/routes/accounts.js
FN:4,(anonymous_0)
FN:7,(anonymous_1)
FN:16,(anonymous_2)
FN:24,(anonymous_3)
FN:32,(anonymous_4)
FN:40,(anonymous_5)
FN:48,(anonymous_6)
FNF:7
FNH:7
FNDA:5,(anonymous_0)
FNDA:6,(anonymous_1)
FNDA:3,(anonymous_2)
FNDA:1,(anonymous_3)
FNDA:1,(anonymous_4)
FNDA:1,(anonymous_5)
FNDA:1,(anonymous_6)
DA:1,5
DA:2,5
DA:4,5
DA:5,5
DA:7,5
DA:8,6
DA:9,6
DA:10,6
DA:11,3
DA:13,3
DA:16,5
DA:17,3
DA:18,3
DA:19,1
DA:21,2
DA:24,5
DA:25,1
DA:26,1
DA:27,1
DA:29,0
DA:32,5
DA:33,1
DA:34,1
DA:35,1
DA:37,0
DA:40,5
DA:41,1
DA:42,1
DA:43,1
DA:45,0
DA:48,5
DA:49,1
DA:50,1
DA:51,1
DA:53,0
DA:56,5
LF:36
LH:32
BRDA:10,0,0,3
BRDA:10,0,1,3
BRF:2
BRH:2
end_of_record
TN:
SF:src/routes/auth.js
FN:8,(anonymous_0)
FN:11,(anonymous_1)
FN:27,(anonymous_2)
FNF:3
FNH:3
FNDA:5,(anonymous_0)
FNDA:3,(anonymous_1)
FNDA:1,(anonymous_2)
DA:1,5
DA:2,5
DA:3,5
DA:4,5
DA:6,5
DA:8,5
DA:9,5
DA:11,5
DA:12,3
DA:13,3
DA:14,3
DA:15,2
DA:16,1
DA:21,1
DA:22,1
DA:24,2
DA:27,5
DA:28,1
DA:29,1
DA:30,1
DA:32,0
DA:35,5
LF:22
LH:21
BRDA:14,0,0,1
BRDA:14,0,1,2
BRDA:15,1,0,1
BRDA:15,1,1,1
BRF:4
BRH:4
end_of_record
TN:
SF:src/routes/transactions.js
FN:4,(anonymous_0)
FN:7,(anonymous_1)
FN:16,(anonymous_2)
FN:24,(anonymous_3)
FN:32,(anonymous_4)
FN:40,(anonymous_5)
FN:48,(anonymous_6)
FNF:7
FNH:7
FNDA:5,(anonymous_0)
FNDA:4,(anonymous_1)
FNDA:1,(anonymous_2)
FNDA:9,(anonymous_3)
FNDA:1,(anonymous_4)
FNDA:1,(anonymous_5)
FNDA:1,(anonymous_6)
DA:1,5
DA:2,5
DA:4,5
DA:5,5
DA:7,5
DA:8,4
DA:9,4
DA:10,4
DA:11,1
DA:13,1
DA:16,5
DA:17,1
DA:18,1
DA:19,1
DA:21,0
DA:24,5
DA:25,9
DA:26,9
DA:27,3
DA:29,6
DA:32,5
DA:33,1
DA:34,1
DA:35,1
DA:37,0
DA:40,5
DA:41,1
DA:42,1
DA:43,1
DA:45,0
DA:48,5
DA:49,1
DA:50,1
DA:51,1
DA:53,0
DA:56,5
LF:36
LH:32
BRDA:10,0,0,3
BRDA:10,0,1,1
BRF:2
BRH:2
end_of_record
TN:
SF:src/routes/users.js
FN:3,(anonymous_0)
FN:5,(anonymous_1)
FN:13,(anonymous_2)
FNF:3
FNH:3
FNDA:5,(anonymous_0)
FNDA:1,(anonymous_1)
FNDA:6,(anonymous_2)
DA:1,5
DA:3,5
DA:4,5
DA:5,5
DA:6,1
DA:7,1
DA:8,1
DA:10,0
DA:13,5
DA:14,6
DA:15,6
DA:16,2
DA:18,4
DA:22,5
LF:14
LH:13
BRF:0
BRH:0
end_of_record
TN:
SF:src/services/accounts.js
FN:3,(anonymous_0)
FN:4,(anonymous_1)
FN:8,(anonymous_2)
FN:12,(anonymous_3)
FN:19,(anonymous_4)
FN:23,(anonymous_5)
FNF:6
FNH:6
FNDA:5,(anonymous_0)
FNDA:1,(anonymous_1)
FNDA:9,(anonymous_2)
FNDA:3,(anonymous_3)
FNDA:1,(anonymous_4)
FNDA:1,(anonymous_5)
DA:1,5
DA:3,5
DA:4,5
DA:5,1
DA:6,1
DA:8,5
DA:9,9
DA:10,9
DA:12,5
DA:13,3
DA:14,2
DA:15,2
DA:16,1
DA:17,1
DA:19,5
DA:20,1
DA:21,1
DA:23,5
DA:24,1
DA:25,1
DA:27,5
LF:21
LH:21
BRDA:8,0,0,0
BRDA:13,1,0,1
BRDA:13,1,1,2
BRDA:15,2,0,1
BRDA:15,2,1,1
BRF:5
BRH:4
end_of_record
TN:
SF:src/services/transactions.js
FN:3,(anonymous_0)
FN:4,(anonymous_1)
FN:12,(anonymous_2)
FN:28,(anonymous_3)
FN:33,(anonymous_4)
FN:38,(anonymous_5)
FNF:6
FNH:6
FNDA:5,(anonymous_0)
FNDA:5,(anonymous_1)
FNDA:9,(anonymous_2)
FNDA:1,(anonymous_3)
FNDA:1,(anonymous_4)
FNDA:1,(anonymous_5)
DA:1,5
DA:3,5
DA:4,5
DA:5,5
DA:10,5
DA:12,5
DA:13,9
DA:14,8
DA:15,7
DA:16,6
DA:17,5
DA:18,4
DA:19,1
DA:21,3
DA:22,3
DA:23,1
DA:24,3
DA:26,3
DA:28,5
DA:29,1
DA:31,1
DA:33,5
DA:34,1
DA:36,1
DA:38,5
DA:39,1
DA:41,1
DA:43,5
LF:28
LH:28
BRDA:4,0,0,1
BRDA:13,1,0,1
BRDA:13,1,1,8
BRDA:14,2,0,1
BRDA:14,2,1,7
BRDA:15,3,0,1
BRDA:15,3,1,6
BRDA:16,4,0,1
BRDA:16,4,1,5
BRDA:17,5,0,1
BRDA:17,5,1,4
BRDA:18,6,0,1
BRDA:18,6,1,3
BRDA:18,7,0,4
BRDA:18,7,1,2
BRDA:22,8,0,1
BRDA:22,8,1,2
BRDA:22,9,0,3
BRDA:22,9,1,2
BRDA:22,9,2,2
BRDA:22,9,3,1
BRF:21
BRH:21
end_of_record
TN:
SF:src/services/users.js
FN:4,(anonymous_0)
FN:5,(anonymous_1)
FN:9,(anonymous_2)
FN:13,(anonymous_3)
FN:17,(anonymous_4)
FNF:5
FNH:5
FNDA:5,(anonymous_0)
FNDA:1,(anonymous_1)
FNDA:62,(anonymous_2)
FNDA:26,(anonymous_3)
FNDA:30,(anonymous_4)
DA:1,5
DA:2,5
DA:4,5
DA:5,5
DA:6,1
DA:7,1
DA:9,5
DA:10,62
DA:11,62
DA:13,5
DA:14,26
DA:15,26
DA:17,5
DA:18,30
DA:19,29
DA:20,28
DA:22,27
DA:23,27
DA:24,26
DA:25,26
DA:26,26
DA:27,26
DA:29,5
LF:23
LH:23
BRDA:9,0,0,0
BRDA:18,1,0,1
BRDA:18,1,1,29
BRDA:19,2,0,1
BRDA:19,2,1,28
BRDA:20,3,0,1
BRDA:20,3,1,27
BRDA:23,4,0,1
BRDA:23,4,1,26
BRF:9
BRH:8
end_of_record
